<?xml version="1.0" encoding="UTF-8"?>
<testng-results ignored="3" total="5" passed="2" failed="0" skipped="0">
  <reporter-output>
  </reporter-output>
  <suite started-at="2025-11-19T20:23:21 IST" name="Suite" finished-at="2025-11-19T20:23:42 IST" duration-ms="21816">
    <groups>
      <group name="smoke">
        <method signature="LoginTest.validateUserWithInvalidUserNameAndInValidPassword(java.lang.String,java.lang.String)[pri:4, instance:testscript.LoginTest@79defdc]" name="validateUserWithInvalidUserNameAndInValidPassword" class="testscript.LoginTest"/>
      </group> <!-- smoke -->
    </groups>
    <test started-at="2025-11-19T20:23:21 IST" name="Test" finished-at="2025-11-19T20:23:42 IST" duration-ms="21816">
      <class name="testscript.LoginTest">
        <test-method is-config="true" signature="initializeBrowser(java.lang.String)[pri:0, instance:testscript.LoginTest@79defdc]" started-at="2025-11-19T20:23:21 IST" name="initializeBrowser" finished-at="2025-11-19T20:23:29 IST" duration-ms="8355" status="PASS">
          <params>
            <param index="0">
              <value>
                <![CDATA[chrome]]>
              </value>
            </param>
          </params>
          <reporter-output>
          </reporter-output>
        </test-method> <!-- initializeBrowser -->
        <test-method signature="validateUserWithInvalidUserNameAndInValidPassword(java.lang.String,java.lang.String)[pri:4, instance:testscript.LoginTest@79defdc]" started-at="2025-11-19T20:23:29 IST" name="validateUserWithInvalidUserNameAndInValidPassword" description="user is trying to login with valid credentials" data-provider="loginProvider" finished-at="2025-11-19T20:23:31 IST" duration-ms="2016" status="PASS">
          <params>
            <param index="0">
              <value>
                <![CDATA[admin]]>
              </value>
            </param>
            <param index="1">
              <value>
                <![CDATA[admin22]]>
              </value>
            </param>
          </params>
          <reporter-output>
          </reporter-output>
        </test-method> <!-- validateUserWithInvalidUserNameAndInValidPassword -->
        <test-method is-config="true" signature="driverQuit(org.testng.ITestResult)[pri:0, instance:testscript.LoginTest@79defdc]" started-at="2025-11-19T20:23:31 IST" name="driverQuit" finished-at="2025-11-19T20:23:31 IST" duration-ms="13" status="PASS">
          <params>
            <param index="0">
              <value>
                <![CDATA[[TestResult name=validateUserWithInvalidUserNameAndInValidPassword status=SUCCESS method=LoginTest.validateUserWithInvalidUserNameAndInValidPassword(java.lang.String,java.lang.String)[pri:4, instance:testscript.LoginTest@79defdc] output={null}]]]>
              </value>
            </param>
          </params>
          <reporter-output>
          </reporter-output>
        </test-method> <!-- driverQuit -->
        <test-method is-config="true" signature="initializeBrowser(java.lang.String)[pri:0, instance:testscript.LoginTest@79defdc]" started-at="2025-11-19T20:23:31 IST" name="initializeBrowser" finished-at="2025-11-19T20:23:41 IST" duration-ms="9716" status="PASS">
          <params>
            <param index="0">
              <value>
                <![CDATA[chrome]]>
              </value>
            </param>
          </params>
          <reporter-output>
          </reporter-output>
        </test-method> <!-- initializeBrowser -->
        <test-method signature="validateUserWithInvalidUserNameAndInValidPassword(java.lang.String,java.lang.String)[pri:4, instance:testscript.LoginTest@79defdc]" started-at="2025-11-19T20:23:41 IST" name="validateUserWithInvalidUserNameAndInValidPassword" description="user is trying to login with valid credentials" data-provider="loginProvider" finished-at="2025-11-19T20:23:42 IST" duration-ms="1549" status="PASS">
          <params>
            <param index="0">
              <value>
                <![CDATA[admin123]]>
              </value>
            </param>
            <param index="1">
              <value>
                <![CDATA[123]]>
              </value>
            </param>
          </params>
          <reporter-output>
          </reporter-output>
        </test-method> <!-- validateUserWithInvalidUserNameAndInValidPassword -->
        <test-method is-config="true" signature="driverQuit(org.testng.ITestResult)[pri:0, instance:testscript.LoginTest@79defdc]" started-at="2025-11-19T20:23:42 IST" name="driverQuit" finished-at="2025-11-19T20:23:42 IST" duration-ms="4" status="PASS">
          <params>
            <param index="0">
              <value>
                <![CDATA[[TestResult name=validateUserWithInvalidUserNameAndInValidPassword status=SUCCESS method=LoginTest.validateUserWithInvalidUserNameAndInValidPassword(java.lang.String,java.lang.String)[pri:4, instance:testscript.LoginTest@79defdc] output={null}]]]>
              </value>
            </param>
          </params>
          <reporter-output>
          </reporter-output>
        </test-method> <!-- driverQuit -->
      </class> <!-- testscript.LoginTest -->
    </test> <!-- Test -->
  </suite> <!-- Suite -->
</testng-results>
