<?xml version="1.0" encoding="UTF-8"?>
<!-- Generated by org.testng.reporters.JUnitReportReporter -->
<testsuite hostname="DESKTOP-2R4VF43" failures="0" tests="2" name="testscript.LoginTest" time="21.653" errors="0" timestamp="2025-11-19T20:23:45 IST" skipped="0">
  <testcase classname="testscript.LoginTest" name="validateUserWithInvalidUserNameAndInValidPassword" time="10.384"/>
  <testcase classname="testscript.LoginTest" name="validateUserWithInvalidUserNameAndInValidPassword" time="11.269"/>
</testsuite> <!-- testscript.LoginTest -->
