<?xml version="1.0" encoding="UTF-8"?>
<!-- Generated by org.testng.reporters.JUnitXMLReporter -->
<testsuite ignored="2" hostname="DESKTOP-2R4VF43" failures="2" tests="2" name="Test" time="16.935" errors="0" timestamp="2025-11-12T21:02:28 IST">
  <testcase classname="testscript.LoginTest" name="validateUserLoginWithValidCredentials" time="0.596">
    <failure type="java.lang.NoClassDefFoundError" message="org/apache/commons/io/function/IOIterator">
      <![CDATA[java.lang.NoClassDefFoundError: org/apache/commons/io/function/IOIterator
at org.apache.poi.openxml4j.opc.internal.ZipHelper.openZipStream(ZipHelper.java:178)
at org.apache.poi.openxml4j.opc.ZipPackage.<init>(ZipPackage.java:130)
at org.apache.poi.openxml4j.opc.OPCPackage.open(OPCPackage.java:319)
at org.apache.poi.ooxml.util.PackageHelper.open(PackageHelper.java:59)
at org.apache.poi.xssf.usermodel.XSSFWorkbook.<init>(XSSFWorkbook.java:290)
at org.apache.poi.xssf.usermodel.XSSFWorkbook.<init>(XSSFWorkbook.java:286)
at utilities.ExcelUtility.readStringData(ExcelUtility.java:18)
at testscript.LoginTest.validateUserLoginWithValidCredentials(LoginTest.java:17)
at java.base/java.util.ArrayList.forEach(ArrayList.java:1596)
Caused by: java.lang.ClassNotFoundException: org.apache.commons.io.function.IOIterator
at java.base/jdk.internal.loader.BuiltinClassLoader.loadClass(BuiltinClassLoader.java:641)
at java.base/jdk.internal.loader.ClassLoaders$AppClassLoader.loadClass(ClassLoaders.java:188)
at java.base/java.lang.ClassLoader.loadClass(ClassLoader.java:526)
... 34 more
... Removed 25 stack frames]]>
    </failure>
  </testcase> <!-- validateUserLoginWithValidCredentials -->
  <testcase classname="testscript.LoginTest" name="validateUserWithInvalidUserNameAndInValidPassword" time="0.023">
    <failure type="java.lang.NoClassDefFoundError" message="org/apache/commons/io/function/IOIterator">
      <![CDATA[java.lang.NoClassDefFoundError: org/apache/commons/io/function/IOIterator
at org.apache.poi.openxml4j.opc.internal.ZipHelper.openZipStream(ZipHelper.java:178)
at org.apache.poi.openxml4j.opc.ZipPackage.<init>(ZipPackage.java:130)
at org.apache.poi.openxml4j.opc.OPCPackage.open(OPCPackage.java:319)
at org.apache.poi.ooxml.util.PackageHelper.open(PackageHelper.java:59)
at org.apache.poi.xssf.usermodel.XSSFWorkbook.<init>(XSSFWorkbook.java:290)
at org.apache.poi.xssf.usermodel.XSSFWorkbook.<init>(XSSFWorkbook.java:286)
at utilities.ExcelUtility.readStringData(ExcelUtility.java:18)
at testscript.LoginTest.validateUserWithInvalidUserNameAndInValidPassword(LoginTest.java:55)
at java.base/java.util.ArrayList.forEach(ArrayList.java:1596)
Caused by: java.lang.ClassNotFoundException: org.apache.commons.io.function.IOIterator
at java.base/jdk.internal.loader.BuiltinClassLoader.loadClass(BuiltinClassLoader.java:641)
at java.base/jdk.internal.loader.ClassLoaders$AppClassLoader.loadClass(ClassLoaders.java:188)
at java.base/java.lang.ClassLoader.loadClass(ClassLoader.java:526)
... 34 more
... Removed 25 stack frames]]>
    </failure>
  </testcase> <!-- validateUserWithInvalidUserNameAndInValidPassword -->
  <testcase classname="testscript.LoginTest" name="validateUserWithInvalidUserNameValidPassword" time="0.0">
    <ignored/>
  </testcase> <!-- validateUserWithInvalidUserNameValidPassword -->
  <testcase classname="testscript.LoginTest" name="validateUserWithvalidUserNameInValidPassword" time="0.0">
    <ignored/>
  </testcase> <!-- validateUserWithvalidUserNameInValidPassword -->
</testsuite> <!-- Test -->
