<?xml version="1.0" encoding="UTF-8"?>
<!-- Generated by org.testng.reporters.JUnitXMLReporter -->
<testsuite ignored="3" hostname="DESKTOP-2R4VF43" failures="0" tests="2" name="Test" time="21.816" errors="0" timestamp="2025-11-19T20:23:44 IST">
  <testcase classname="testscript.LoginTest" name="validateUserWithInvalidUserNameAndInValidPassword" time="2.016"/>
  <testcase classname="testscript.LoginTest" name="validateUserWithInvalidUserNameAndInValidPassword" time="1.549"/>
  <testcase classname="testscript.LoginTest" name="validateUserWithInvalidUserNameValidPassword" time="0.0">
    <ignored/>
  </testcase> <!-- validateUserWithInvalidUserNameValidPassword -->
  <testcase classname="testscript.LoginTest" name="validateUserWithvalidUserNameInValidPassword" time="0.0">
    <ignored/>
  </testcase> <!-- validateUserWithvalidUserNameInValidPassword -->
  <testcase classname="testscript.LoginTest" name="validateUserLoginWithValidCredentials" time="0.0">
    <ignored/>
  </testcase> <!-- validateUserLoginWithValidCredentials -->
</testsuite> <!-- Test -->
