<?xml version="1.0" encoding="UTF-8"?>
<!-- Generated by org.testng.reporters.JUnitXMLReporter -->
<testsuite ignored="0" hostname="DESKTOP-2R4VF43" failures="0" tests="4" name="Test1" time="52.069" errors="0" timestamp="2025-11-14T20:12:15 IST">
  <testcase classname="testscript.LoginTest" name="validateUserLoginWithValidCredentials" time="6.099"/>
  <testcase classname="testscript.LoginTest" name="validateUserWithInvalidUserNameValidPassword" time="2.933"/>
  <testcase classname="testscript.LoginTest" name="validateUserWithvalidUserNameInValidPassword" time="2.014"/>
  <testcase classname="testscript.LoginTest" name="validateUserWithInvalidUserNameAndInValidPassword" time="2.49"/>
</testsuite> <!-- Test1 -->
